<?xml version="1.0" encoding="UTF-8"?>
<checkstyle version="8.29">
<file name="/Users/macbook/Desktop/Job/Java/long-map/src/main/java/de/comparus/opensource/longmap/LongMap.java">
<error line="5" severity="error" message="&apos;METHOD_DEF&apos; should be separated from previous statement." source="com.puppycrawl.tools.checkstyle.checks.whitespace.EmptyLineSeparatorCheck"/>
<error line="6" severity="error" message="&apos;METHOD_DEF&apos; should be separated from previous statement." source="com.puppycrawl.tools.checkstyle.checks.whitespace.EmptyLineSeparatorCheck"/>
<error line="9" severity="error" message="&apos;METHOD_DEF&apos; should be separated from previous statement." source="com.puppycrawl.tools.checkstyle.checks.whitespace.EmptyLineSeparatorCheck"/>
<error line="10" severity="error" message="&apos;METHOD_DEF&apos; should be separated from previous statement." source="com.puppycrawl.tools.checkstyle.checks.whitespace.EmptyLineSeparatorCheck"/>
<error line="13" severity="error" message="&apos;METHOD_DEF&apos; should be separated from previous statement." source="com.puppycrawl.tools.checkstyle.checks.whitespace.EmptyLineSeparatorCheck"/>
<error line="16" severity="error" message="&apos;METHOD_DEF&apos; should be separated from previous statement." source="com.puppycrawl.tools.checkstyle.checks.whitespace.EmptyLineSeparatorCheck"/>
</file>
<file name="/Users/macbook/Desktop/Job/Java/long-map/src/main/java/de/comparus/opensource/longmap/LongMapImpl.java">
<error line="109" column="22" severity="error" message="Local variable name &apos;vNode&apos; must match pattern &apos;^[a-z]([a-z0-9][a-zA-Z0-9]*)?$&apos;." source="com.puppycrawl.tools.checkstyle.checks.naming.LocalVariableNameCheck"/>
<error line="125" column="22" severity="error" message="Local variable name &apos;vNode&apos; must match pattern &apos;^[a-z]([a-z0-9][a-zA-Z0-9]*)?$&apos;." source="com.puppycrawl.tools.checkstyle.checks.naming.LocalVariableNameCheck"/>
<error line="139" column="22" severity="error" message="Local variable name &apos;vNode&apos; must match pattern &apos;^[a-z]([a-z0-9][a-zA-Z0-9]*)?$&apos;." source="com.puppycrawl.tools.checkstyle.checks.naming.LocalVariableNameCheck"/>
</file>
<file name="/Users/macbook/Desktop/Job/Java/long-map/src/main/java/de/comparus/opensource/longmap/LongMapImplTest.java">
<error line="1" severity="error" message="File does not end with a newline." source="com.puppycrawl.tools.checkstyle.checks.NewlineAtEndOfFileCheck"/>
<error line="5" severity="error" message="Import statement for &apos;org.junit.jupiter.api.Assertions.assertEquals&apos; is in the wrong order. Should be in the &apos;STATIC&apos; group, expecting not assigned imports on this line." source="com.puppycrawl.tools.checkstyle.checks.imports.CustomImportOrderCheck"/>
<error line="6" severity="error" message="Import statement for &apos;org.junit.jupiter.api.Assertions.assertFalse&apos; is in the wrong order. Should be in the &apos;STATIC&apos; group, expecting not assigned imports on this line." source="com.puppycrawl.tools.checkstyle.checks.imports.CustomImportOrderCheck"/>
<error line="7" severity="error" message="Import statement for &apos;org.junit.jupiter.api.Assertions.assertNotEquals&apos; is in the wrong order. Should be in the &apos;STATIC&apos; group, expecting not assigned imports on this line." source="com.puppycrawl.tools.checkstyle.checks.imports.CustomImportOrderCheck"/>
<error line="8" severity="error" message="Import statement for &apos;org.junit.jupiter.api.Assertions.assertNull&apos; is in the wrong order. Should be in the &apos;STATIC&apos; group, expecting not assigned imports on this line." source="com.puppycrawl.tools.checkstyle.checks.imports.CustomImportOrderCheck"/>
<error line="9" severity="error" message="Import statement for &apos;org.junit.jupiter.api.Assertions.assertTrue&apos; is in the wrong order. Should be in the &apos;STATIC&apos; group, expecting not assigned imports on this line." source="com.puppycrawl.tools.checkstyle.checks.imports.CustomImportOrderCheck"/>
</file>
</checkstyle>
